{
  "uid" : "e61e7ede897a24a0",
  "name" : "Change info about the pet",
  "historyId" : "3f2af28830ee7c4f34234f6ed00b9c0a",
  "time" : {
    "start" : 1620830263198,
    "stop" : 1620830275187,
    "duration" : 11989
  },
  "status" : "failed",
  "statusMessage" : "1 expectation failed.\nResponse body doesn't match expectation.\nExpected: The content to match the given JSON schema.\nerror: object has missing required properties ([\"tags\"])\n    level: \"error\"\n    schema: {\"loadingURI\":\"file:/C:/Users/User/IdeaProjects/TeamCityAllure/target/classes/PetSchema.json#\",\"pointer\":\"/definitions/Pet\"}\n    instance: {\"pointer\":\"\"}\n    domain: \"validation\"\n    keyword: \"required\"\n    required: [\"category\",\"id\",\"name\",\"photoUrls\",\"status\",\"tags\"]\n    missing: [\"tags\"]\n\n  Actual: {\"id\":1,\"category\":{\"id\":131231231,\"name\":\"Cats\"},\"name\":\"\\\"Bob1\\\"\",\"photoUrls\":[\"urls\"],\"status\":\"available\"}\n",
  "statusTrace" : "java.lang.AssertionError: 1 expectation failed.\nResponse body doesn't match expectation.\nExpected: The content to match the given JSON schema.\nerror: object has missing required properties ([\"tags\"])\n    level: \"error\"\n    schema: {\"loadingURI\":\"file:/C:/Users/User/IdeaProjects/TeamCityAllure/target/classes/PetSchema.json#\",\"pointer\":\"/definitions/Pet\"}\n    instance: {\"pointer\":\"\"}\n    domain: \"validation\"\n    keyword: \"required\"\n    required: [\"category\",\"id\",\"name\",\"photoUrls\",\"status\",\"tags\"]\n    missing: [\"tags\"]\n\n  Actual: {\"id\":1,\"category\":{\"id\":131231231,\"name\":\"Cats\"},\"name\":\"\\\"Bob1\\\"\",\"photoUrls\":[\"urls\"],\"status\":\"available\"}\n\r\n\tat java.base/jdk.internal.reflect.NativeConstructorAccessorImpl.newInstance0(Native Method)\r\n\tat java.base/jdk.internal.reflect.NativeConstructorAccessorImpl.newInstance(NativeConstructorAccessorImpl.java:62)\r\n\tat java.base/jdk.internal.reflect.DelegatingConstructorAccessorImpl.newInstance(DelegatingConstructorAccessorImpl.java:45)\r\n\tat java.base/java.lang.reflect.Constructor.newInstance(Constructor.java:490)\r\n\tat org.codehaus.groovy.reflection.CachedConstructor.invoke(CachedConstructor.java:83)\r\n\tat org.codehaus.groovy.reflection.CachedConstructor.doConstructorInvoke(CachedConstructor.java:77)\r\n\tat org.codehaus.groovy.runtime.callsite.ConstructorSite$ConstructorSiteNoUnwrap.callConstructor(ConstructorSite.java:84)\r\n\tat org.codehaus.groovy.runtime.callsite.CallSiteArray.defaultCallConstructor(CallSiteArray.java:59)\r\n\tat org.codehaus.groovy.runtime.callsite.AbstractCallSite.callConstructor(AbstractCallSite.java:238)\r\n\tat org.codehaus.groovy.runtime.callsite.AbstractCallSite.callConstructor(AbstractCallSite.java:250)\r\n\tat io.restassured.internal.ResponseSpecificationImpl$HamcrestAssertionClosure.validate(ResponseSpecificationImpl.groovy:483)\r\n\tat io.restassured.internal.ResponseSpecificationImpl$HamcrestAssertionClosure$validate$1.call(Unknown Source)\r\n\tat org.codehaus.groovy.runtime.callsite.CallSiteArray.defaultCall(CallSiteArray.java:47)\r\n\tat org.codehaus.groovy.runtime.callsite.AbstractCallSite.call(AbstractCallSite.java:116)\r\n\tat org.codehaus.groovy.runtime.callsite.AbstractCallSite.call(AbstractCallSite.java:128)\r\n\tat io.restassured.internal.ResponseSpecificationImpl.validateResponseIfRequired(ResponseSpecificationImpl.groovy:655)\r\n\tat java.base/jdk.internal.reflect.NativeMethodAccessorImpl.invoke0(Native Method)\r\n\tat java.base/jdk.internal.reflect.NativeMethodAccessorImpl.invoke(NativeMethodAccessorImpl.java:62)\r\n\tat java.base/jdk.internal.reflect.DelegatingMethodAccessorImpl.invoke(DelegatingMethodAccessorImpl.java:43)\r\n\tat java.base/java.lang.reflect.Method.invoke(Method.java:566)\r\n\tat org.codehaus.groovy.runtime.callsite.PogoMetaMethodSite$PogoCachedMethodSiteNoUnwrapNoCoerce.invoke(PogoMetaMethodSite.java:210)\r\n\tat org.codehaus.groovy.runtime.callsite.PogoMetaMethodSite.callCurrent(PogoMetaMethodSite.java:59)\r\n\tat org.codehaus.groovy.runtime.callsite.CallSiteArray.defaultCallCurrent(CallSiteArray.java:51)\r\n\tat org.codehaus.groovy.runtime.callsite.AbstractCallSite.callCurrent(AbstractCallSite.java:157)\r\n\tat org.codehaus.groovy.runtime.callsite.AbstractCallSite.callCurrent(AbstractCallSite.java:169)\r\n\tat io.restassured.internal.ResponseSpecificationImpl.content(ResponseSpecificationImpl.groovy:95)\r\n\tat io.restassured.specification.ResponseSpecification$content$0.callCurrent(Unknown Source)\r\n\tat org.codehaus.groovy.runtime.callsite.CallSiteArray.defaultCallCurrent(CallSiteArray.java:51)\r\n\tat org.codehaus.groovy.runtime.callsite.AbstractCallSite.callCurrent(AbstractCallSite.java:157)\r\n\tat org.codehaus.groovy.runtime.callsite.AbstractCallSite.callCurrent(AbstractCallSite.java:177)\r\n\tat io.restassured.internal.ResponseSpecificationImpl.body(ResponseSpecificationImpl.groovy:254)\r\n\tat io.restassured.internal.ValidatableResponseOptionsImpl.body(ValidatableResponseOptionsImpl.java:268)\r\n\tat Steps.PetSteps.iValidateJSONSchemaOfReceivedResponse(PetSteps.java:80)\r\n\tat ✽.I validate JSON Schema of received response(C:/Users/User/IdeaProjects/TeamCityAllure/src/test/resources/Tests/ChangeInfoAboutPet.feature:8)\r\n",
  "flaky" : false,
  "newFailed" : false,
  "beforeStages" : [ ],
  "testStage" : {
    "status" : "failed",
    "statusMessage" : "1 expectation failed.\nResponse body doesn't match expectation.\nExpected: The content to match the given JSON schema.\nerror: object has missing required properties ([\"tags\"])\n    level: \"error\"\n    schema: {\"loadingURI\":\"file:/C:/Users/User/IdeaProjects/TeamCityAllure/target/classes/PetSchema.json#\",\"pointer\":\"/definitions/Pet\"}\n    instance: {\"pointer\":\"\"}\n    domain: \"validation\"\n    keyword: \"required\"\n    required: [\"category\",\"id\",\"name\",\"photoUrls\",\"status\",\"tags\"]\n    missing: [\"tags\"]\n\n  Actual: {\"id\":1,\"category\":{\"id\":131231231,\"name\":\"Cats\"},\"name\":\"\\\"Bob1\\\"\",\"photoUrls\":[\"urls\"],\"status\":\"available\"}\n",
    "statusTrace" : "java.lang.AssertionError: 1 expectation failed.\nResponse body doesn't match expectation.\nExpected: The content to match the given JSON schema.\nerror: object has missing required properties ([\"tags\"])\n    level: \"error\"\n    schema: {\"loadingURI\":\"file:/C:/Users/User/IdeaProjects/TeamCityAllure/target/classes/PetSchema.json#\",\"pointer\":\"/definitions/Pet\"}\n    instance: {\"pointer\":\"\"}\n    domain: \"validation\"\n    keyword: \"required\"\n    required: [\"category\",\"id\",\"name\",\"photoUrls\",\"status\",\"tags\"]\n    missing: [\"tags\"]\n\n  Actual: {\"id\":1,\"category\":{\"id\":131231231,\"name\":\"Cats\"},\"name\":\"\\\"Bob1\\\"\",\"photoUrls\":[\"urls\"],\"status\":\"available\"}\n\r\n\tat java.base/jdk.internal.reflect.NativeConstructorAccessorImpl.newInstance0(Native Method)\r\n\tat java.base/jdk.internal.reflect.NativeConstructorAccessorImpl.newInstance(NativeConstructorAccessorImpl.java:62)\r\n\tat java.base/jdk.internal.reflect.DelegatingConstructorAccessorImpl.newInstance(DelegatingConstructorAccessorImpl.java:45)\r\n\tat java.base/java.lang.reflect.Constructor.newInstance(Constructor.java:490)\r\n\tat org.codehaus.groovy.reflection.CachedConstructor.invoke(CachedConstructor.java:83)\r\n\tat org.codehaus.groovy.reflection.CachedConstructor.doConstructorInvoke(CachedConstructor.java:77)\r\n\tat org.codehaus.groovy.runtime.callsite.ConstructorSite$ConstructorSiteNoUnwrap.callConstructor(ConstructorSite.java:84)\r\n\tat org.codehaus.groovy.runtime.callsite.CallSiteArray.defaultCallConstructor(CallSiteArray.java:59)\r\n\tat org.codehaus.groovy.runtime.callsite.AbstractCallSite.callConstructor(AbstractCallSite.java:238)\r\n\tat org.codehaus.groovy.runtime.callsite.AbstractCallSite.callConstructor(AbstractCallSite.java:250)\r\n\tat io.restassured.internal.ResponseSpecificationImpl$HamcrestAssertionClosure.validate(ResponseSpecificationImpl.groovy:483)\r\n\tat io.restassured.internal.ResponseSpecificationImpl$HamcrestAssertionClosure$validate$1.call(Unknown Source)\r\n\tat org.codehaus.groovy.runtime.callsite.CallSiteArray.defaultCall(CallSiteArray.java:47)\r\n\tat org.codehaus.groovy.runtime.callsite.AbstractCallSite.call(AbstractCallSite.java:116)\r\n\tat org.codehaus.groovy.runtime.callsite.AbstractCallSite.call(AbstractCallSite.java:128)\r\n\tat io.restassured.internal.ResponseSpecificationImpl.validateResponseIfRequired(ResponseSpecificationImpl.groovy:655)\r\n\tat java.base/jdk.internal.reflect.NativeMethodAccessorImpl.invoke0(Native Method)\r\n\tat java.base/jdk.internal.reflect.NativeMethodAccessorImpl.invoke(NativeMethodAccessorImpl.java:62)\r\n\tat java.base/jdk.internal.reflect.DelegatingMethodAccessorImpl.invoke(DelegatingMethodAccessorImpl.java:43)\r\n\tat java.base/java.lang.reflect.Method.invoke(Method.java:566)\r\n\tat org.codehaus.groovy.runtime.callsite.PogoMetaMethodSite$PogoCachedMethodSiteNoUnwrapNoCoerce.invoke(PogoMetaMethodSite.java:210)\r\n\tat org.codehaus.groovy.runtime.callsite.PogoMetaMethodSite.callCurrent(PogoMetaMethodSite.java:59)\r\n\tat org.codehaus.groovy.runtime.callsite.CallSiteArray.defaultCallCurrent(CallSiteArray.java:51)\r\n\tat org.codehaus.groovy.runtime.callsite.AbstractCallSite.callCurrent(AbstractCallSite.java:157)\r\n\tat org.codehaus.groovy.runtime.callsite.AbstractCallSite.callCurrent(AbstractCallSite.java:169)\r\n\tat io.restassured.internal.ResponseSpecificationImpl.content(ResponseSpecificationImpl.groovy:95)\r\n\tat io.restassured.specification.ResponseSpecification$content$0.callCurrent(Unknown Source)\r\n\tat org.codehaus.groovy.runtime.callsite.CallSiteArray.defaultCallCurrent(CallSiteArray.java:51)\r\n\tat org.codehaus.groovy.runtime.callsite.AbstractCallSite.callCurrent(AbstractCallSite.java:157)\r\n\tat org.codehaus.groovy.runtime.callsite.AbstractCallSite.callCurrent(AbstractCallSite.java:177)\r\n\tat io.restassured.internal.ResponseSpecificationImpl.body(ResponseSpecificationImpl.groovy:254)\r\n\tat io.restassured.internal.ValidatableResponseOptionsImpl.body(ValidatableResponseOptionsImpl.java:268)\r\n\tat Steps.PetSteps.iValidateJSONSchemaOfReceivedResponse(PetSteps.java:80)\r\n\tat ✽.I validate JSON Schema of received response(C:/Users/User/IdeaProjects/TeamCityAllure/src/test/resources/Tests/ChangeInfoAboutPet.feature:8)\r\n",
    "steps" : [ {
      "name" : "When  I add new to the store",
      "time" : {
        "start" : 1620830263205,
        "stop" : 1620830272737,
        "duration" : 9532
      },
      "status" : "passed",
      "steps" : [ ],
      "attachments" : [ {
        "uid" : "1188193d46b9164",
        "name" : "Pet data",
        "source" : "1188193d46b9164.txt",
        "type" : "text/plain",
        "size" : 107
      } ],
      "parameters" : [ ],
      "shouldDisplayMessage" : false,
      "attachmentsCount" : 1,
      "stepsCount" : 0,
      "hasContent" : true
    }, {
      "name" : "Then  I check the status of added pet",
      "time" : {
        "start" : 1620830272739,
        "stop" : 1620830272945,
        "duration" : 206
      },
      "status" : "passed",
      "steps" : [ ],
      "attachments" : [ ],
      "parameters" : [ ],
      "shouldDisplayMessage" : false,
      "attachmentsCount" : 0,
      "stepsCount" : 0,
      "hasContent" : false
    }, {
      "name" : "And  I change name of the pet to \"Bob1\"",
      "time" : {
        "start" : 1620830272945,
        "stop" : 1620830274295,
        "duration" : 1350
      },
      "status" : "passed",
      "steps" : [ ],
      "attachments" : [ ],
      "parameters" : [ ],
      "shouldDisplayMessage" : false,
      "attachmentsCount" : 0,
      "stepsCount" : 0,
      "hasContent" : false
    }, {
      "name" : "Then  I validate JSON Schema of received response",
      "time" : {
        "start" : 1620830274296,
        "stop" : 1620830275182,
        "duration" : 886
      },
      "status" : "failed",
      "steps" : [ ],
      "attachments" : [ {
        "uid" : "4c9287a0961e6ee9",
        "name" : "Response",
        "source" : "4c9287a0961e6ee9.txt",
        "type" : "text/plain",
        "size" : 110
      } ],
      "parameters" : [ ],
      "shouldDisplayMessage" : false,
      "attachmentsCount" : 1,
      "stepsCount" : 0,
      "hasContent" : true
    } ],
    "attachments" : [ ],
    "parameters" : [ ],
    "shouldDisplayMessage" : true,
    "attachmentsCount" : 2,
    "stepsCount" : 4,
    "hasContent" : true
  },
  "afterStages" : [ ],
  "labels" : [ {
    "name" : "feature",
    "value" : "Change info about the pet"
  }, {
    "name" : "story",
    "value" : "Change info about the pet"
  }, {
    "name" : "tag",
    "value" : "petsTests"
  }, {
    "name" : "tag",
    "value" : "changeInfoAboutPet"
  }, {
    "name" : "host",
    "value" : "DESKTOP-749TMI7"
  }, {
    "name" : "package",
    "value" : "Change info about the pet"
  }, {
    "name" : "suite",
    "value" : "Change info about the pet"
  }, {
    "name" : "testClass",
    "value" : "Change info about the pet"
  }, {
    "name" : "thread",
    "value" : "4244@DESKTOP-749TMI7.main(1)"
  }, {
    "name" : "resultFormat",
    "value" : "allure2"
  } ],
  "parameters" : [ {
    "name" : "newName",
    "value" : "Bob1"
  } ],
  "links" : [ ],
  "hidden" : false,
  "retry" : false,
  "extra" : {
    "severity" : "normal",
    "retries" : [ ],
    "categories" : [ {
      "name" : "Product defects",
      "matchedStatuses" : [ ],
      "flaky" : false
    } ],
    "tags" : [ "changeInfoAboutPet", "petsTests" ]
  },
  "source" : "e61e7ede897a24a0.json",
  "parameterValues" : [ "Bob1" ]
}